<?xml version="1.0" encoding="UTF-8"?>
<!-- Generated by org.testng.reporters.JUnitReportReporter -->
<testsuite hostname="DESKTOP-UOFQVSB" failures="0" tests="1" name="testNGFramework.RemoveProductTestCase" time="19.451" errors="0" timestamp="2025-10-10T08:36:56 IST" skipped="0">
  <testcase classname="testNGFramework.RemoveProductTestCase" name="removeProductFromCartTestCase" time="19.451">
    <system-out>
      <![CDATA[[TestCase--->removeProductFromCartTestCase---> Started]
[TestCase--->removeProductFromCartTestCase---> Successfully]]]>
    </system-out>
  </testcase> <!-- removeProductFromCartTestCase -->
  <system-out>
    <![CDATA[<test>--->Test ---> Stsrted
[TestCase--->removeProductFromCartTestCase---> Started]
[TestCase--->removeProductFromCartTestCase---> Successfully]
[TestCase--->addToCartTestCase---> Started]
[TestCase--->byProductTestCase---> Started]
[TestCase--->byProductTestCase---> Successfully]]]>
  </system-out>
</testsuite> <!-- testNGFramework.RemoveProductTestCase -->
