<?xml version="1.0" encoding="UTF-8"?>
<!-- Generated by org.testng.reporters.JUnitReportReporter -->
<testsuite hostname="DESKTOP-UOFQVSB" failures="0" tests="2" name="testNGCrossBrowser.ParameterizationAndCrossBrowser" time="19.448" errors="0" timestamp="2025-10-07T12:17:54 IST" skipped="0">
  <testcase classname="testNGCrossBrowser.ParameterizationAndCrossBrowser" name="browserSetup" time="6.922"/>
  <testcase classname="testNGCrossBrowser.ParameterizationAndCrossBrowser" name="browserSetup" time="12.526"/>
</testsuite> <!-- testNGCrossBrowser.ParameterizationAndCrossBrowser -->
