<?xml version="1.0" encoding="UTF-8"?>
<!-- Generated by org.testng.reporters.JUnitReportReporter -->
<testsuite hostname="DESKTOP-UOFQVSB" failures="0" tests="2" name="testNGHelperAttributes.Enabled" time="70.071" errors="0" timestamp="2025-10-06T11:27:50 IST" skipped="1">
  <testcase classname="testNGHelperAttributes.Enabled" name="instagram" time="70.071"/>
  <testcase classname="testNGHelperAttributes.Enabled" name="facebook">
    <skipped/>
  </testcase> <!-- facebook -->
</testsuite> <!-- testNGHelperAttributes.Enabled -->
