<?xml version="1.0" encoding="UTF-8"?>
<!-- Generated by org.testng.reporters.JUnitReportReporter -->
<testsuite hostname="DESKTOP-UOFQVSB" failures="0" tests="1" name="testNGCars.MercedezCar" time="26.219" errors="0" timestamp="2025-10-07T19:33:46 IST" skipped="0">
  <testcase classname="testNGCars.MercedezCar" name="mercedezCar" time="26.219"/>
</testsuite> <!-- testNGCars.MercedezCar -->
