<?xml version="1.0" encoding="UTF-8"?>
<!-- Generated by org.testng.reporters.JUnitReportReporter -->
<testsuite hostname="DESKTOP-UOFQVSB" failures="0" tests="3" name="testNGHelperAttributes.FlowOfExecution" time="0.024" errors="0" timestamp="2025-10-06T10:57:20 IST" skipped="0">
  <testcase classname="testNGHelperAttributes.FlowOfExecution" name="register" time="0.019">
    <system-out>
      <![CDATA[ This is Register method]]>
    </system-out>
  </testcase> <!-- register -->
  <testcase classname="testNGHelperAttributes.FlowOfExecution" name="login" time="0.003">
    <system-out>
      <![CDATA[ This is login method]]>
    </system-out>
  </testcase> <!-- login -->
  <testcase classname="testNGHelperAttributes.FlowOfExecution" name="addProductToCart" time="0.002">
    <system-out>
      <![CDATA[ This is addProductToCart method]]>
    </system-out>
  </testcase> <!-- addProductToCart -->
  <system-out>
    <![CDATA[ This is Register method
 This is login method
 This is addProductToCart method]]>
  </system-out>
</testsuite> <!-- testNGHelperAttributes.FlowOfExecution -->
