<?xml version="1.0" encoding="UTF-8"?>
<!-- Generated by org.testng.reporters.JUnitReportReporter -->
<testsuite hostname="DESKTOP-UOFQVSB" failures="0" tests="1" name="testNGBikes.RoyalEnfieldBike" time="12.387" errors="0" timestamp="2025-10-07T19:34:55 IST" skipped="0">
  <testcase classname="testNGBikes.RoyalEnfieldBike" name="royalEnfield" time="12.387"/>
</testsuite> <!-- testNGBikes.RoyalEnfieldBike -->
