<?xml version="1.0" encoding="UTF-8"?>
<!-- Generated by org.testng.reporters.JUnitReportReporter -->
<testsuite hostname="DESKTOP-UOFQVSB" failures="0" tests="1" name="testNGBikes.YamahaBike" time="11.991" errors="0" timestamp="2025-10-07T19:33:46 IST" skipped="0">
  <testcase classname="testNGBikes.YamahaBike" name="yamahaBike" time="11.991"/>
</testsuite> <!-- testNGBikes.YamahaBike -->
