<?xml version="1.0" encoding="UTF-8"?>
<!-- Generated by org.testng.reporters.JUnitReportReporter -->
<testsuite hostname="DESKTOP-UOFQVSB" failures="0" tests="6" name="testNGHelperAttributes.ThreadPoolSize" time="63.442" errors="0" timestamp="2025-10-06T11:46:05 IST" skipped="1">
  <testcase classname="testNGHelperAttributes.ThreadPoolSize" name="facebook" time="14.465"/>
  <testcase classname="testNGHelperAttributes.ThreadPoolSize" name="facebook" time="5.448"/>
  <testcase classname="testNGHelperAttributes.ThreadPoolSize" name="facebook" time="5.419"/>
  <testcase classname="testNGHelperAttributes.ThreadPoolSize" name="facebook" time="19.572"/>
  <testcase classname="testNGHelperAttributes.ThreadPoolSize" name="facebook" time="18.538"/>
  <testcase classname="testNGHelperAttributes.ThreadPoolSize" name="instagram">
    <skipped/>
  </testcase> <!-- instagram -->
</testsuite> <!-- testNGHelperAttributes.ThreadPoolSize -->
