<?xml version="1.0" encoding="UTF-8"?>
<!-- Generated by org.testng.reporters.JUnitReportReporter -->
<testsuite hostname="DESKTOP-UOFQVSB" failures="0" tests="2" name="testNGBikes.TVSMotors" time="36.670" errors="0" timestamp="2025-10-07T19:33:46 IST" skipped="0">
  <testcase classname="testNGBikes.TVSMotors" name="tvsMotors" time="16.107"/>
  <testcase classname="testNGBikes.TVSMotors" name="tvsMotors" time="20.563"/>
</testsuite> <!-- testNGBikes.TVSMotors -->
