<?xml version="1.0" encoding="UTF-8"?>
<!-- Generated by org.testng.reporters.JUnitReportReporter -->
<testsuite hostname="DESKTOP-UOFQVSB" failures="0" tests="1" name="testNGAssertions.ToUnderstandHardAssert" time="8.719" errors="0" timestamp="2025-10-10T09:52:22 IST" skipped="0">
  <testcase classname="testNGAssertions.ToUnderstandHardAssert" name="login" time="8.719"/>
</testsuite> <!-- testNGAssertions.ToUnderstandHardAssert -->
