<?xml version="1.0" encoding="UTF-8"?>
<!-- Generated by org.testng.reporters.JUnitReportReporter -->
<testsuite hostname="DESKTOP-UOFQVSB" failures="0" tests="1" name="testNGCars.BugatiCar" time="6.781" errors="0" timestamp="2025-10-07T19:34:55 IST" skipped="0">
  <testcase classname="testNGCars.BugatiCar" name="bugatiCar" time="6.781"/>
</testsuite> <!-- testNGCars.BugatiCar -->
