<?xml version="1.0" encoding="UTF-8"?>
<!-- Generated by org.testng.reporters.JUnitReportReporter -->
<testsuite hostname="DESKTOP-UOFQVSB" failures="0" tests="1" name="testNGCars.AstonMartinCar" time="9.570" errors="0" timestamp="2025-10-07T19:34:55 IST" skipped="0">
  <testcase classname="testNGCars.AstonMartinCar" name="astonMartinCar" time="9.570"/>
</testsuite> <!-- testNGCars.AstonMartinCar -->
