<?xml version="1.0" encoding="UTF-8"?>
<!-- Generated by org.testng.reporters.JUnitReportReporter -->
<testsuite hostname="DESKTOP-UOFQVSB" failures="0" tests="1" name="testNGCars.RollesRoyceCar" time="7.532" errors="0" timestamp="2025-10-07T10:47:29 IST" skipped="0">
  <testcase classname="testNGCars.RollesRoyceCar" name="rollesRoyceCar" time="7.532"/>
</testsuite> <!-- testNGCars.RollesRoyceCar -->
