<?xml version="1.0" encoding="UTF-8"?>
<!-- Generated by org.testng.reporters.JUnitReportReporter -->
<testsuite hostname="DESKTOP-UOFQVSB" failures="0" tests="3" name="testNGAnnotations.ToUnderstandFlowOfAnnotations" time="0.011" errors="0" timestamp="2025-10-08T10:29:08 IST" skipped="0">
  <testcase classname="testNGAnnotations.ToUnderstandFlowOfAnnotations" name="test3" time="0.002">
    <system-out>
      <![CDATA[This is test case 3]]>
    </system-out>
  </testcase> <!-- test3 -->
  <testcase classname="testNGAnnotations.ToUnderstandFlowOfAnnotations" name="test1" time="0.007">
    <system-out>
      <![CDATA[This is test case 1]]>
    </system-out>
  </testcase> <!-- test1 -->
  <testcase classname="testNGAnnotations.ToUnderstandFlowOfAnnotations" name="test2" time="0.002">
    <system-out>
      <![CDATA[This is test case 2]]>
    </system-out>
  </testcase> <!-- test2 -->
  <system-out>
    <![CDATA[This is before suite method
This is before test method
This is before class method
This is  before method
This is test case 1
This is after method
This is  before method
This is test case 2
This is after method
This is  before method
This is test case 3
This is after method
This is after class method
This is after test method
This is after suite method]]>
  </system-out>
</testsuite> <!-- testNGAnnotations.ToUnderstandFlowOfAnnotations -->
