<?xml version="1.0" encoding="UTF-8"?>
<!-- Generated by org.testng.reporters.JUnitReportReporter -->
<testsuite hostname="DESKTOP-UOFQVSB" failures="0" tests="4" name="testNGDataProvider.DataProvider1" time="69.451" errors="0" timestamp="2025-10-09T10:22:14 IST" skipped="0">
  <testcase classname="testNGDataProvider.DataProvider1" name="invalidLogin1" time="15.468"/>
  <testcase classname="testNGDataProvider.DataProvider1" name="invalidLogin1" time="17.437"/>
  <testcase classname="testNGDataProvider.DataProvider1" name="invalidLogin1" time="22.407"/>
  <testcase classname="testNGDataProvider.DataProvider1" name="invalidLogin1" time="14.139"/>
</testsuite> <!-- testNGDataProvider.DataProvider1 -->
