<?xml version="1.0" encoding="UTF-8"?>
<!-- Generated by org.testng.reporters.JUnitReportReporter -->
<testsuite hostname="DESKTOP-UOFQVSB" failures="0" tests="4" name="testNGDataProvider.DataProvider2" time="49.252" errors="0" timestamp="2025-10-09T11:44:26 IST" skipped="0">
  <testcase classname="testNGDataProvider.DataProvider2" name="invalidLogin1" time="12.285"/>
  <testcase classname="testNGDataProvider.DataProvider2" name="invalidLogin1" time="11.729"/>
  <testcase classname="testNGDataProvider.DataProvider2" name="invalidLogin1" time="12.022"/>
  <testcase classname="testNGDataProvider.DataProvider2" name="invalidLogin1" time="13.216"/>
</testsuite> <!-- testNGDataProvider.DataProvider2 -->
